<?xml version="1.0" encoding="UTF-8"?>
<testsuite xmlns:xsi="http://www.w3.org/2001/XMLSchema-instance" xsi:noNamespaceSchemaLocation="https://maven.apache.org/surefire/maven-surefire-plugin/xsd/surefire-test-report-3.0.xsd" version="3.0" name="com.example.geektrust.test.OutputProcessorTest" time="0.113" tests="2" errors="0" skipped="0" failures="0">
  <properties>
[...]
</properties>
  <testcase name="passengerCountByTypeDescending" classname="com.example.geektrust.test.OutputProcessorTest" time="0.075">
    <system-out><![CDATA[TOTAL_COLLECTION  CENTRAL 0 0
PASSENGER_TYPE_SUMMARY  
TOTAL_COLLECTION  AIRPORT 301 0
PASSENGER_TYPE_SUMMARY  
1 ADULT
2 KID
]]></system-out>
  </testcase>
  <testcase name="equalPassengerCounSortByType" classname="com.example.geektrust.test.OutputProcessorTest" time="0.003">
    <system-out><![CDATA[TOTAL_COLLECTION  CENTRAL 0 0
PASSENGER_TYPE_SUMMARY  
TOTAL_COLLECTION  AIRPORT 351 0
PASSENGER_TYPE_SUMMARY  
1 SENIOR_CITIZEN
1 ADULT
1 KID
]]></system-out>
  </testcase>
</testsuite>